running develop
running egg_info
creating turtle_shapes.egg-info
writing turtle_shapes.egg-info/PKG-INFO
writing dependency_links to turtle_shapes.egg-info/dependency_links.txt
writing entry points to turtle_shapes.egg-info/entry_points.txt
writing requirements to turtle_shapes.egg-info/requires.txt
writing top-level names to turtle_shapes.egg-info/top_level.txt
writing manifest file 'turtle_shapes.egg-info/SOURCES.txt'
reading manifest file 'turtle_shapes.egg-info/SOURCES.txt'
writing manifest file 'turtle_shapes.egg-info/SOURCES.txt'
running build_ext
Creating /home/ajay/ros2_ws/install/turtle_shapes/lib/python3.12/site-packages/turtle-shapes.egg-link (link to .)
Installing d_shape script to /home/ajay/ros2_ws/install/turtle_shapes/lib/turtle_shapes

Installed /home/ajay/ros2_ws/build/turtle_shapes
running symlink_data
creating /home/ajay/ros2_ws/install/turtle_shapes/share/ament_index
creating /home/ajay/ros2_ws/install/turtle_shapes/share/ament_index/resource_index
creating /home/ajay/ros2_ws/install/turtle_shapes/share/ament_index/resource_index/packages
symbolically linking /home/ajay/ros2_ws/build/turtle_shapes/resource/turtle_shapes -> /home/ajay/ros2_ws/install/turtle_shapes/share/ament_index/resource_index/packages
symbolically linking /home/ajay/ros2_ws/build/turtle_shapes/package.xml -> /home/ajay/ros2_ws/install/turtle_shapes/share/turtle_shapes
