[0.465s] Invoking command in '/home/ajay/ros2_ws/build/turtle_shapes': DEBUGINFOD_URLS=https://debuginfod.ubuntu.com PYTHONPATH=/home/ajay/ros2_ws/build/turtle_shapes/prefix_override:/usr/lib/python3/dist-packages/colcon_core/task/python/colcon_distutils_commands:/home/ajay/ros2_ws/install/turtle_shapes/lib/python3.12/site-packages:${PYTHONPATH} /usr/bin/python3 -W ignore:setup.py install is deprecated -W ignore:easy_install command is deprecated setup.py develop --editable --build-directory /home/ajay/ros2_ws/build/turtle_shapes/build --no-deps symlink_data
[0.643s] running develop
[0.744s] running egg_info
[0.744s] creating turtle_shapes.egg-info
[0.753s] writing turtle_shapes.egg-info/PKG-INFO
[0.754s] writing dependency_links to turtle_shapes.egg-info/dependency_links.txt
[0.754s] writing entry points to turtle_shapes.egg-info/entry_points.txt
[0.754s] writing requirements to turtle_shapes.egg-info/requires.txt
[0.754s] writing top-level names to turtle_shapes.egg-info/top_level.txt
[0.754s] writing manifest file 'turtle_shapes.egg-info/SOURCES.txt'
[0.774s] reading manifest file 'turtle_shapes.egg-info/SOURCES.txt'
[0.774s] writing manifest file 'turtle_shapes.egg-info/SOURCES.txt'
[0.784s] running build_ext
[0.785s] Creating /home/ajay/ros2_ws/install/turtle_shapes/lib/python3.12/site-packages/turtle-shapes.egg-link (link to .)
[0.785s] Installing d_shape script to /home/ajay/ros2_ws/install/turtle_shapes/lib/turtle_shapes
[0.785s] 
[0.785s] Installed /home/ajay/ros2_ws/build/turtle_shapes
[0.785s] running symlink_data
[0.785s] creating /home/ajay/ros2_ws/install/turtle_shapes/share/ament_index
[0.785s] creating /home/ajay/ros2_ws/install/turtle_shapes/share/ament_index/resource_index
[0.785s] creating /home/ajay/ros2_ws/install/turtle_shapes/share/ament_index/resource_index/packages
[0.785s] symbolically linking /home/ajay/ros2_ws/build/turtle_shapes/resource/turtle_shapes -> /home/ajay/ros2_ws/install/turtle_shapes/share/ament_index/resource_index/packages
[0.785s] symbolically linking /home/ajay/ros2_ws/build/turtle_shapes/package.xml -> /home/ajay/ros2_ws/install/turtle_shapes/share/turtle_shapes
[0.811s] Invoked command in '/home/ajay/ros2_ws/build/turtle_shapes' returned '0': DEBUGINFOD_URLS=https://debuginfod.ubuntu.com PYTHONPATH=/home/ajay/ros2_ws/build/turtle_shapes/prefix_override:/usr/lib/python3/dist-packages/colcon_core/task/python/colcon_distutils_commands:/home/ajay/ros2_ws/install/turtle_shapes/lib/python3.12/site-packages:${PYTHONPATH} /usr/bin/python3 -W ignore:setup.py install is deprecated -W ignore:easy_install command is deprecated setup.py develop --editable --build-directory /home/ajay/ros2_ws/build/turtle_shapes/build --no-deps symlink_data
