[0.567s] Invoking command in '/home/ajay/ros2_ws/build/py_pubsub': DEBUGINFOD_URLS=https://debuginfod.ubuntu.com PYTHONPATH=/home/ajay/ros2_ws/build/py_pubsub/prefix_override:/usr/lib/python3/dist-packages/colcon_core/task/python/colcon_distutils_commands:/home/ajay/ros2_ws/install/py_pubsub/lib/python3.12/site-packages:${PYTHONPATH} /usr/bin/python3 -W ignore:setup.py install is deprecated -W ignore:easy_install command is deprecated setup.py develop --editable --build-directory /home/ajay/ros2_ws/build/py_pubsub/build --no-deps symlink_data
[0.734s] running develop
[0.825s] running egg_info
[0.825s] creating py_pubsub.egg-info
[0.833s] writing py_pubsub.egg-info/PKG-INFO
[0.834s] writing dependency_links to py_pubsub.egg-info/dependency_links.txt
[0.834s] writing entry points to py_pubsub.egg-info/entry_points.txt
[0.834s] writing requirements to py_pubsub.egg-info/requires.txt
[0.834s] writing top-level names to py_pubsub.egg-info/top_level.txt
[0.834s] writing manifest file 'py_pubsub.egg-info/SOURCES.txt'
[0.851s] reading manifest file 'py_pubsub.egg-info/SOURCES.txt'
[0.851s] writing manifest file 'py_pubsub.egg-info/SOURCES.txt'
[0.860s] running build_ext
[0.861s] Creating /home/ajay/ros2_ws/install/py_pubsub/lib/python3.12/site-packages/py-pubsub.egg-link (link to .)
[0.861s] Installing count_node script to /home/ajay/ros2_ws/install/py_pubsub/lib/py_pubsub
[0.861s] Installing number_node script to /home/ajay/ros2_ws/install/py_pubsub/lib/py_pubsub
[0.862s] 
[0.862s] Installed /home/ajay/ros2_ws/build/py_pubsub
[0.862s] running symlink_data
[0.862s] creating /home/ajay/ros2_ws/install/py_pubsub/share/ament_index
[0.862s] creating /home/ajay/ros2_ws/install/py_pubsub/share/ament_index/resource_index
[0.862s] creating /home/ajay/ros2_ws/install/py_pubsub/share/ament_index/resource_index/packages
[0.862s] symbolically linking /home/ajay/ros2_ws/build/py_pubsub/resource/py_pubsub -> /home/ajay/ros2_ws/install/py_pubsub/share/ament_index/resource_index/packages
[0.862s] symbolically linking /home/ajay/ros2_ws/build/py_pubsub/package.xml -> /home/ajay/ros2_ws/install/py_pubsub/share/py_pubsub
[0.882s] Invoked command in '/home/ajay/ros2_ws/build/py_pubsub' returned '0': DEBUGINFOD_URLS=https://debuginfod.ubuntu.com PYTHONPATH=/home/ajay/ros2_ws/build/py_pubsub/prefix_override:/usr/lib/python3/dist-packages/colcon_core/task/python/colcon_distutils_commands:/home/ajay/ros2_ws/install/py_pubsub/lib/python3.12/site-packages:${PYTHONPATH} /usr/bin/python3 -W ignore:setup.py install is deprecated -W ignore:easy_install command is deprecated setup.py develop --editable --build-directory /home/ajay/ros2_ws/build/py_pubsub/build --no-deps symlink_data
